1762761201.366277 client started (926): version 3.5a, socket /private/tmp/tmux-501/default, protocol 8
1762761201.366321 on Darwin 24.6.0 Darwin Kernel Version 24.6.0: Mon Jul 14 11:30:40 PDT 2025; root:xnu-11417.140.69~1/RELEASE_ARM64_T8132
1762761201.366328 using libevent 2.1.12-stable select
1762761201.366331 using ncurses 6.0 20150808
1762761201.366340 flags are 0x10010000
1762761201.366343 socket is /private/tmp/tmux-501/default
1762761201.366349 trying connect
1762761201.366374 add peer 0x120008000: 6 (0x0)
1762761201.367293 sending message 111 to peer 0x120008000 (8 bytes)
1762761201.367298 sending message 111 to peer 0x120008000 (8 bytes)
1762761201.367301 sending message 101 to peer 0x120008000 (16 bytes)
1762761201.367303 sending message 109 to peer 0x120008000 (4 bytes)
1762761201.367306 sending message 102 to peer 0x120008000 (13 bytes)
1762761201.367309 sending message 108 to peer 0x120008000 (30 bytes)
1762761201.367311 sending message 112 to peer 0x120008000 (70 bytes)
1762761201.367314 sending message 112 to peer 0x120008000 (5 bytes)
1762761201.367316 sending message 112 to peer 0x120008000 (5 bytes)
1762761201.367319 sending message 112 to peer 0x120008000 (6 bytes)
1762761201.367321 sending message 112 to peer 0x120008000 (6 bytes)
1762761201.367323 sending message 112 to peer 0x120008000 (11 bytes)
1762761201.367325 sending message 112 to peer 0x120008000 (10 bytes)
1762761201.367328 sending message 112 to peer 0x120008000 (13 bytes)
1762761201.367330 sending message 112 to peer 0x120008000 (13 bytes)
1762761201.367332 sending message 112 to peer 0x120008000 (18 bytes)
1762761201.367335 sending message 112 to peer 0x120008000 (11 bytes)
1762761201.367337 sending message 112 to peer 0x120008000 (21 bytes)
1762761201.367339 sending message 112 to peer 0x120008000 (13 bytes)
1762761201.367341 sending message 112 to peer 0x120008000 (7 bytes)
1762761201.367344 sending message 112 to peer 0x120008000 (13 bytes)
1762761201.367346 sending message 112 to peer 0x120008000 (7 bytes)
1762761201.367348 sending message 112 to peer 0x120008000 (13 bytes)
1762761201.367351 sending message 112 to peer 0x120008000 (9 bytes)
1762761201.367353 sending message 112 to peer 0x120008000 (21 bytes)
1762761201.367355 sending message 112 to peer 0x120008000 (13 bytes)
1762761201.367357 sending message 112 to peer 0x120008000 (8 bytes)
1762761201.367360 sending message 112 to peer 0x120008000 (12 bytes)
1762761201.367362 sending message 112 to peer 0x120008000 (13 bytes)
1762761201.367364 sending message 112 to peer 0x120008000 (9 bytes)
1762761201.367366 sending message 112 to peer 0x120008000 (9 bytes)
1762761201.367369 sending message 112 to peer 0x120008000 (12 bytes)
1762761201.367371 sending message 112 to peer 0x120008000 (8 bytes)
1762761201.367373 sending message 112 to peer 0x120008000 (7 bytes)
1762761201.367375 sending message 112 to peer 0x120008000 (7 bytes)
1762761201.367378 sending message 112 to peer 0x120008000 (9 bytes)
1762761201.367380 sending message 112 to peer 0x120008000 (13 bytes)
1762761201.367382 sending message 112 to peer 0x120008000 (9 bytes)
1762761201.367384 sending message 112 to peer 0x120008000 (13 bytes)
1762761201.367386 sending message 112 to peer 0x120008000 (12 bytes)
1762761201.367389 sending message 112 to peer 0x120008000 (8 bytes)
1762761201.367391 sending message 112 to peer 0x120008000 (9 bytes)
1762761201.367393 sending message 112 to peer 0x120008000 (10 bytes)
1762761201.367396 sending message 112 to peer 0x120008000 (10 bytes)
1762761201.367398 sending message 112 to peer 0x120008000 (10 bytes)
1762761201.367400 sending message 112 to peer 0x120008000 (10 bytes)
1762761201.367402 sending message 112 to peer 0x120008000 (11 bytes)
1762761201.367404 sending message 112 to peer 0x120008000 (10 bytes)
1762761201.367407 sending message 112 to peer 0x120008000 (8 bytes)
1762761201.367409 sending message 112 to peer 0x120008000 (11 bytes)
1762761201.367411 sending message 112 to peer 0x120008000 (11 bytes)
1762761201.367413 sending message 112 to peer 0x120008000 (11 bytes)
1762761201.367416 sending message 112 to peer 0x120008000 (8 bytes)
1762761201.367422 sending message 112 to peer 0x120008000 (8 bytes)
1762761201.367424 sending message 112 to peer 0x120008000 (8 bytes)
1762761201.367426 sending message 112 to peer 0x120008000 (10 bytes)
1762761201.367427 sending message 112 to peer 0x120008000 (10 bytes)
1762761201.367429 sending message 112 to peer 0x120008000 (10 bytes)
1762761201.367430 sending message 112 to peer 0x120008000 (10 bytes)
1762761201.367432 sending message 112 to peer 0x120008000 (10 bytes)
1762761201.367434 sending message 112 to peer 0x120008000 (11 bytes)
1762761201.367435 sending message 112 to peer 0x120008000 (11 bytes)
1762761201.367437 sending message 112 to peer 0x120008000 (10 bytes)
1762761201.367438 sending message 112 to peer 0x120008000 (9 bytes)
1762761201.367440 sending message 112 to peer 0x120008000 (9 bytes)
1762761201.367442 sending message 112 to peer 0x120008000 (12 bytes)
1762761201.367443 sending message 112 to peer 0x120008000 (9 bytes)
1762761201.367445 sending message 112 to peer 0x120008000 (6 bytes)
1762761201.367446 sending message 112 to peer 0x120008000 (8 bytes)
1762761201.367448 sending message 112 to peer 0x120008000 (15 bytes)
1762761201.367450 sending message 112 to peer 0x120008000 (13 bytes)
1762761201.367451 sending message 112 to peer 0x120008000 (70 bytes)
1762761201.367453 sending message 112 to peer 0x120008000 (69 bytes)
1762761201.367455 sending message 112 to peer 0x120008000 (10 bytes)
1762761201.367456 sending message 112 to peer 0x120008000 (8 bytes)
1762761201.367458 sending message 112 to peer 0x120008000 (15 bytes)
1762761201.367459 sending message 112 to peer 0x120008000 (13 bytes)
1762761201.367461 sending message 112 to peer 0x120008000 (10 bytes)
1762761201.367463 sending message 112 to peer 0x120008000 (10 bytes)
1762761201.367464 sending message 112 to peer 0x120008000 (5 bytes)
1762761201.367466 sending message 112 to peer 0x120008000 (5 bytes)
1762761201.367468 sending message 104 to peer 0x120008000 (0 bytes)
1762761201.367470 sending message 110 to peer 0x120008000 (0 bytes)
1762761201.367471 sending message 107 to peer 0x120008000 (4 bytes)
1762761201.367473 sending message 105 to peer 0x120008000 (54 bytes)
1762761201.367475 sending message 105 to peer 0x120008000 (28 bytes)
1762761201.367476 sending message 105 to peer 0x120008000 (20 bytes)
1762761201.367478 sending message 105 to peer 0x120008000 (22 bytes)
1762761201.367479 sending message 105 to peer 0x120008000 (12 bytes)
1762761201.367481 sending message 105 to peer 0x120008000 (33 bytes)
1762761201.367483 sending message 105 to peer 0x120008000 (57 bytes)
1762761201.367484 sending message 105 to peer 0x120008000 (75 bytes)
1762761201.367486 sending message 105 to peer 0x120008000 (41 bytes)
1762761201.367488 sending message 105 to peer 0x120008000 (26 bytes)
1762761201.367489 sending message 105 to peer 0x120008000 (37 bytes)
1762761201.367491 sending message 105 to peer 0x120008000 (30 bytes)
1762761201.367492 sending message 105 to peer 0x120008000 (34 bytes)
1762761201.367494 sending message 105 to peer 0x120008000 (60 bytes)
1762761201.367496 sending message 105 to peer 0x120008000 (70 bytes)
1762761201.367497 sending message 105 to peer 0x120008000 (17 bytes)
1762761201.367499 sending message 105 to peer 0x120008000 (8 bytes)
1762761201.367501 sending message 105 to peer 0x120008000 (22 bytes)
1762761201.367502 sending message 105 to peer 0x120008000 (32 bytes)
1762761201.367504 sending message 105 to peer 0x120008000 (96 bytes)
1762761201.367505 sending message 105 to peer 0x120008000 (54 bytes)
1762761201.367507 sending message 105 to peer 0x120008000 (165 bytes)
1762761201.367509 sending message 105 to peer 0x120008000 (15 bytes)
1762761201.367510 sending message 105 to peer 0x120008000 (37 bytes)
1762761201.367512 sending message 105 to peer 0x120008000 (11 bytes)
1762761201.367514 sending message 105 to peer 0x120008000 (2252 bytes)
1762761201.367516 sending message 105 to peer 0x120008000 (34 bytes)
1762761201.367517 sending message 105 to peer 0x120008000 (24 bytes)
1762761201.367522 sending message 105 to peer 0x120008000 (15 bytes)
1762761201.367524 sending message 105 to peer 0x120008000 (8 bytes)
1762761201.367526 sending message 105 to peer 0x120008000 (66 bytes)
1762761201.367527 sending message 105 to peer 0x120008000 (21 bytes)
1762761201.367529 sending message 105 to peer 0x120008000 (63 bytes)
1762761201.367530 sending message 105 to peer 0x120008000 (18 bytes)
1762761201.367532 sending message 105 to peer 0x120008000 (26 bytes)
1762761201.367534 sending message 105 to peer 0x120008000 (57 bytes)
1762761201.367535 sending message 105 to peer 0x120008000 (43 bytes)
1762761201.367537 sending message 105 to peer 0x120008000 (13 bytes)
1762761201.367539 sending message 105 to peer 0x120008000 (19 bytes)
1762761201.367540 sending message 105 to peer 0x120008000 (98 bytes)
1762761201.367542 sending message 105 to peer 0x120008000 (14 bytes)
1762761201.367543 sending message 105 to peer 0x120008000 (19 bytes)
1762761201.367545 sending message 105 to peer 0x120008000 (114 bytes)
1762761201.367547 sending message 105 to peer 0x120008000 (43 bytes)
1762761201.367548 sending message 105 to peer 0x120008000 (38 bytes)
1762761201.367550 sending message 105 to peer 0x120008000 (671 bytes)
1762761201.367552 sending message 105 to peer 0x120008000 (2471 bytes)
1762761201.367554 sending message 105 to peer 0x120008000 (383 bytes)
1762761201.367555 sending message 105 to peer 0x120008000 (68 bytes)
1762761201.367557 sending message 105 to peer 0x120008000 (65 bytes)
1762761201.367558 sending message 105 to peer 0x120008000 (83 bytes)
1762761201.367560 sending message 105 to peer 0x120008000 (75 bytes)
1762761201.367562 sending message 105 to peer 0x120008000 (69 bytes)
1762761201.367563 sending message 106 to peer 0x120008000 (0 bytes)
1762761201.367591 sending message 200 to peer 0x120008000 (4 bytes)
1762761201.367594 client loop enter
1762761201.367686 peer 0x120008000 message 303
1762761201.367695 open write file 2 -
1762761201.367703 sending message 305 to peer 0x120008000 (8 bytes)
1762761201.367712 write check file 2
1762761201.367738 peer 0x120008000 message 304
1762761201.367746 write 58 to file 2
1762761201.367757 peer 0x120008000 message 203
1762761201.367761 file 2 58 bytes left
1762761201.367770 write check file 2
1762761201.367773 client loop exit
